2010/07/01 07:26:28 [error] [exception.CDbException] exception 'CDbException' with message 'CDbConnection failed to open the DB connection: could not find driver' in C:\xampp\htdocs\yii\framework\db\CDbConnection.php:267
Stack trace:
#0 C:\xampp\htdocs\yii\framework\db\CDbConnection.php(242): CDbConnection->open()
#1 C:\xampp\htdocs\yii\framework\db\CDbConnection.php(221): CDbConnection->setActive(true)
#2 C:\xampp\htdocs\yii\framework\base\CModule.php(363): CDbConnection->init()
#3 C:\xampp\htdocs\yii\framework\base\CModule.php(86): CModule->getComponent('db')
#4 C:\xampp\htdocs\yii\framework\gii\generators\model\ModelCode.php(45): CModule->__get('db')
#5 C:\xampp\htdocs\yii\framework\web\CFormModel.php(40): ModelCode->init()
#6 C:\xampp\htdocs\yii\framework\gii\CCodeGenerator.php(149): CFormModel->__construct()
#7 C:\xampp\htdocs\yii\framework\gii\CCodeGenerator.php(61): CCodeGenerator->prepare()
#8 C:\xampp\htdocs\yii\framework\web\actions\CInlineAction.php(32): CCodeGenerator->actionIndex()
#9 C:\xampp\htdocs\yii\framework\web\CController.php(300): CInlineAction->run()
#10 C:\xampp\htdocs\yii\framework\web\CController.php(278): CController->runAction(Object(CInlineAction))
#11 C:\xampp\htdocs\yii\framework\web\CController.php(257): CController->runActionWithFilters(Object(CInlineAction), Array)
#12 C:\xampp\htdocs\yii\framework\web\CWebApplication.php(320): CController->run('')
#13 C:\xampp\htdocs\yii\framework\web\CWebApplication.php(120): CWebApplication->runController('gii/model')
#14 C:\xampp\htdocs\yii\framework\base\CApplication.php(135): CWebApplication->processRequest()
#15 C:\xampp\htdocs\testdrive\index.php(12): CApplication->run()
#16 {main} REQUEST_URI=/testdrive/index.php?r=gii/model
2010/07/06 09:11:25 [error] [exception.CDbException] exception 'CDbException' with message 'The table "post" for active record class "Post" cannot be found in the database.' in C:\xampp\htdocs\yii\framework\db\ar\CActiveRecord.php:1976
Stack trace:
#0 C:\xampp\htdocs\yii\framework\db\ar\CActiveRecord.php(342): CActiveRecordMetaData->__construct(Object(Post))
#1 C:\xampp\htdocs\yii\framework\db\ar\CActiveRecord.php(356): CActiveRecord::model('Post')
#2 C:\xampp\htdocs\yii\framework\db\ar\CActiveRecord.php(59): CActiveRecord->getMetaData()
#3 C:\xampp\htdocs\testdrive\protected\controllers\PostController.php(39): CActiveRecord->__construct()
#4 C:\xampp\htdocs\yii\framework\web\actions\CInlineAction.php(32): PostController->actionAdd()
#5 C:\xampp\htdocs\yii\framework\web\CController.php(300): CInlineAction->run()
#6 C:\xampp\htdocs\yii\framework\web\CController.php(278): CController->runAction(Object(CInlineAction))
#7 C:\xampp\htdocs\yii\framework\web\CController.php(257): CController->runActionWithFilters(Object(CInlineAction), Array)
#8 C:\xampp\htdocs\yii\framework\web\CWebApplication.php(320): CController->run('add')
#9 C:\xampp\htdocs\yii\framework\web\CWebApplication.php(120): CWebApplication->runController('post/add')
#10 C:\xampp\htdocs\yii\framework\base\CApplication.php(135): CWebApplication->processRequest()
#11 C:\xampp\htdocs\testdrive\index.php(12): CApplication->run()
#12 {main} REQUEST_URI=/testdrive/index.php?r=post/add
2010/07/06 09:13:10 [error] [exception.CDbException] exception 'CDbException' with message 'The table "post" for active record class "Post" cannot be found in the database.' in C:\xampp\htdocs\yii\framework\db\ar\CActiveRecord.php:1976
Stack trace:
#0 C:\xampp\htdocs\yii\framework\db\ar\CActiveRecord.php(342): CActiveRecordMetaData->__construct(Object(Post))
#1 C:\xampp\htdocs\yii\framework\db\ar\CActiveRecord.php(356): CActiveRecord::model('Post')
#2 C:\xampp\htdocs\yii\framework\db\ar\CActiveRecord.php(59): CActiveRecord->getMetaData()
#3 C:\xampp\htdocs\testdrive\protected\controllers\PostController.php(39): CActiveRecord->__construct()
#4 C:\xampp\htdocs\yii\framework\web\actions\CInlineAction.php(32): PostController->actionAdd()
#5 C:\xampp\htdocs\yii\framework\web\CController.php(300): CInlineAction->run()
#6 C:\xampp\htdocs\yii\framework\web\CController.php(278): CController->runAction(Object(CInlineAction))
#7 C:\xampp\htdocs\yii\framework\web\CController.php(257): CController->runActionWithFilters(Object(CInlineAction), Array)
#8 C:\xampp\htdocs\yii\framework\web\CWebApplication.php(320): CController->run('add')
#9 C:\xampp\htdocs\yii\framework\web\CWebApplication.php(120): CWebApplication->runController('post/add')
#10 C:\xampp\htdocs\yii\framework\base\CApplication.php(135): CWebApplication->processRequest()
#11 C:\xampp\htdocs\testdrive\index.php(12): CApplication->run()
#12 {main} REQUEST_URI=/testdrive/index.php?r=post/add
2010/07/08 00:11:27 [error] [exception.CHttpException.404] exception 'CHttpException' with message 'The system is unable to find the requested action "view?id=1".' in C:\xampp\htdocs\yii\framework\web\CController.php:439
Stack trace:
#0 C:\xampp\htdocs\yii\framework\web\CController.php(262): CController->missingAction('view?id=1')
#1 C:\xampp\htdocs\yii\framework\web\CWebApplication.php(320): CController->run('view?id=1')
#2 C:\xampp\htdocs\yii\framework\web\CWebApplication.php(120): CWebApplication->runController('post/view?id=1')
#3 C:\xampp\htdocs\yii\framework\base\CApplication.php(135): CWebApplication->processRequest()
#4 C:\xampp\htdocs\testdrive\index.php(12): CApplication->run()
#5 {main} REQUEST_URI=/testdrive/index.php?r=post/view?id=1
2010/07/08 00:16:34 [error] [exception.CException] exception 'CException' with message 'Property "Post.link" is not defined.' in C:\xampp\htdocs\yii\framework\base\CComponent.php:131
Stack trace:
#0 C:\xampp\htdocs\yii\framework\db\ar\CActiveRecord.php(107): CComponent->__get('link')
#1 C:\xampp\htdocs\testdrive\protected\views\post\view.php(9): CActiveRecord->__get('link')
#2 C:\xampp\htdocs\yii\framework\web\CBaseController.php(119): require('C:\xampp\htdocs...')
#3 C:\xampp\htdocs\yii\framework\web\CBaseController.php(88): CBaseController->renderInternal('C:\xampp\htdocs...', Array, true)
#4 C:\xampp\htdocs\yii\framework\web\CController.php(748): CBaseController->renderFile('C:\xampp\htdocs...', Array, true)
#5 C:\xampp\htdocs\yii\framework\web\CController.php(687): CController->renderPartial('view', Array, true)
#6 C:\xampp\htdocs\testdrive\protected\controllers\PostController.php(75): CController->render('view', Array)
#7 C:\xampp\htdocs\yii\framework\web\actions\CInlineAction.php(32): PostController->actionView()
#8 C:\xampp\htdocs\yii\framework\web\CController.php(300): CInlineAction->run()
#9 C:\xampp\htdocs\yii\framework\web\CController.php(278): CController->runAction(Object(CInlineAction))
#10 C:\xampp\htdocs\yii\framework\web\CController.php(257): CController->runActionWithFilters(Object(CInlineAction), Array)
#11 C:\xampp\htdocs\yii\framework\web\CWebApplication.php(320): CController->run('view')
#12 C:\xampp\htdocs\yii\framework\web\CWebApplication.php(120): CWebApplication->runController('post/view')
#13 C:\xampp\htdocs\yii\framework\base\CApplication.php(135): CWebApplication->processRequest()
#14 C:\xampp\htdocs\testdrive\index.php(12): CApplication->run()
#15 {main} REQUEST_URI=/testdrive/index.php?r=post/view&id=1
2010/07/12 01:07:45 [error] [exception.CHttpException.404] exception 'CHttpException' with message 'The system is unable to find the requested action "latests".' in C:\xampp\htdocs\yii\framework\web\CController.php:439
Stack trace:
#0 C:\xampp\htdocs\yii\framework\web\CController.php(262): CController->missingAction('latests')
#1 C:\xampp\htdocs\yii\framework\web\CWebApplication.php(320): CController->run('latests')
#2 C:\xampp\htdocs\yii\framework\web\CWebApplication.php(120): CWebApplication->runController('post/latests')
#3 C:\xampp\htdocs\yii\framework\base\CApplication.php(135): CWebApplication->processRequest()
#4 C:\xampp\htdocs\testdrive\index.php(12): CApplication->run()
#5 {main} REQUEST_URI=/testdrive/index.php?r=post/latests
2010/07/12 01:08:50 [error] [system.db.CDbCommand] Error in preparing SQL: SELECT * FROM 'post' 't' WHERE order by dateUpdated desc
in C:\xampp\htdocs\testdrive\protected\controllers\PostController.php (81)
in C:\xampp\htdocs\testdrive\index.php (12)
2010/07/12 01:08:50 [error] [system.db.CDbCommand] Error in querying SQL: SELECT * FROM 'post' 't' WHERE order by dateUpdated desc
in C:\xampp\htdocs\testdrive\protected\controllers\PostController.php (81)
in C:\xampp\htdocs\testdrive\index.php (12)
2010/07/12 01:08:50 [error] [exception.CDbException] exception 'CDbException' with message 'CDbCommand failed to execute the SQL statement: CDbCommand failed to prepare the SQL statement: SQLSTATE[HY000]: General error: 1 near "order": syntax error' in C:\xampp\htdocs\yii\framework\db\CDbCommand.php:375
Stack trace:
#0 C:\xampp\htdocs\yii\framework\db\CDbCommand.php(265): CDbCommand->queryInternal('fetchAll', 2, Array)
#1 C:\xampp\htdocs\yii\framework\db\ar\CActiveRecord.php(1175): CDbCommand->queryAll()
#2 C:\xampp\htdocs\yii\framework\db\ar\CActiveRecord.php(1310): CActiveRecord->query(Object(CDbCriteria), true)
#3 C:\xampp\htdocs\testdrive\protected\controllers\PostController.php(81): CActiveRecord->findAllByAttributes(Array, 'order by dateUp...')
#4 C:\xampp\htdocs\yii\framework\web\actions\CInlineAction.php(32): PostController->actionLatest()
#5 C:\xampp\htdocs\yii\framework\web\CController.php(300): CInlineAction->run()
#6 C:\xampp\htdocs\yii\framework\web\CController.php(278): CController->runAction(Object(CInlineAction))
#7 C:\xampp\htdocs\yii\framework\web\CController.php(257): CController->runActionWithFilters(Object(CInlineAction), Array)
#8 C:\xampp\htdocs\yii\framework\web\CWebApplication.php(320): CController->run('latest')
#9 C:\xampp\htdocs\yii\framework\web\CWebApplication.php(120): CWebApplication->runController('post/latest')
#10 C:\xampp\htdocs\yii\framework\base\CApplication.php(135): CWebApplication->processRequest()
#11 C:\xampp\htdocs\testdrive\index.php(12): CApplication->run()
#12 {main} REQUEST_URI=/testdrive/index.php?r=post/latest
2010/07/12 01:12:00 [error] [php] include(CDBCriteria.php) [<a href='function.include'>function.include</a>]: failed to open stream: No such file or directory (C:\xampp\htdocs\yii\framework\YiiBase.php:338)
Stack trace:
#0 C:\xampp\htdocs\testdrive\protected\controllers\PostController.php(81): spl_autoload_call()
#1 C:\xampp\htdocs\yii\framework\web\actions\CInlineAction.php(32): PostController->actionLatest()
#2 C:\xampp\htdocs\yii\framework\web\CController.php(300): CInlineAction->run()
#3 C:\xampp\htdocs\yii\framework\web\CController.php(278): PostController->runAction()
#4 C:\xampp\htdocs\yii\framework\web\CController.php(257): PostController->runActionWithFilters()
#5 C:\xampp\htdocs\yii\framework\web\CWebApplication.php(320): PostController->run()
#6 C:\xampp\htdocs\yii\framework\web\CWebApplication.php(120): CWebApplication->runController()
#7 C:\xampp\htdocs\yii\framework\base\CApplication.php(135): CWebApplication->processRequest()
#8 C:\xampp\htdocs\testdrive\index.php(12): CWebApplication->run()
REQUEST_URI=/testdrive/index.php?r=post/latest
in C:\xampp\htdocs\testdrive\protected\controllers\PostController.php (81)
in C:\xampp\htdocs\testdrive\index.php (12)
